[debug] [2024-06-19T19:28:11.543Z] ----------------------------------------------------------------------
[debug] [2024-06-19T19:28:11.545Z] Command:       /Users/ryan/.nvm/versions/node/v20.13.1/bin/node /Users/ryan/.nvm/versions/node/v20.13.1/bin/firebase init
[debug] [2024-06-19T19:28:11.545Z] CLI Version:   13.11.2
[debug] [2024-06-19T19:28:11.545Z] Platform:      darwin
[debug] [2024-06-19T19:28:11.545Z] Node Version:  v20.13.1
[debug] [2024-06-19T19:28:11.545Z] Time:          Wed Jun 19 2024 15:28:11 GMT-0400 (Eastern Daylight Time)
[debug] [2024-06-19T19:28:11.545Z] ----------------------------------------------------------------------
[debug] 
[debug] [2024-06-19T19:28:11.587Z] > command requires scopes: ["email","openid","https://www.googleapis.com/auth/cloudplatformprojects.readonly","https://www.googleapis.com/auth/firebase","https://www.googleapis.com/auth/cloud-platform"]
[debug] [2024-06-19T19:28:11.587Z] > authorizing via signed-in user (ryanmasonjar@gmail.com)
[info] 
     ######## #### ########  ######## ########     ###     ######  ########
     ##        ##  ##     ## ##       ##     ##  ##   ##  ##       ##
     ######    ##  ########  ######   ########  #########  ######  ######
     ##        ##  ##    ##  ##       ##     ## ##     ##       ## ##
     ##       #### ##     ## ######## ########  ##     ##  ######  ########

You're about to initialize a Firebase project in this directory:

  /Users/ryan/Documents/Documents/GitHub/pairwise

Before we get started, keep in mind:

  * You are initializing within an existing Firebase project directory

[info] 
=== Project Setup
[info] 
[info] First, let's associate this project directory with a Firebase project.
[info] You can create multiple project aliases by running firebase use --add, 
[info] but for now we'll just set up a default project.
[info] 
[debug] [2024-06-19T19:28:28.003Z] Using project from CLI flag: pairwise-69
[debug] [2024-06-19T19:28:28.005Z] >>> [apiv2][query] GET https://firebase.googleapis.com/v1beta1/projects/pairwise-69 [none]
[debug] [2024-06-19T19:28:28.328Z] <<< [apiv2][status] GET https://firebase.googleapis.com/v1beta1/projects/pairwise-69 200
[debug] [2024-06-19T19:28:28.328Z] <<< [apiv2][body] GET https://firebase.googleapis.com/v1beta1/projects/pairwise-69 {"projectId":"pairwise-69","projectNumber":"521929544794","displayName":"pairwise","name":"projects/pairwise-69","resources":{"hostingSite":"pairwise-69"},"state":"ACTIVE","etag":"1_0b502680-7f2e-4beb-9236-6b3275fe0e67"}
[info] i  Using project pairwise-69 (pairwise) 
[info] 
=== Firestore Setup
[debug] [2024-06-19T19:28:28.342Z] >>> [apiv2][query] GET https://serviceusage.googleapis.com/v1/projects/pairwise-69/services/firestore.googleapis.com [none]
[debug] [2024-06-19T19:28:28.342Z] >>> [apiv2][(partial)header] GET https://serviceusage.googleapis.com/v1/projects/pairwise-69/services/firestore.googleapis.com x-goog-quota-user=projects/pairwise-69
[debug] [2024-06-19T19:28:28.775Z] <<< [apiv2][status] GET https://serviceusage.googleapis.com/v1/projects/pairwise-69/services/firestore.googleapis.com 200
[debug] [2024-06-19T19:28:28.776Z] <<< [apiv2][body] GET https://serviceusage.googleapis.com/v1/projects/pairwise-69/services/firestore.googleapis.com [omitted]
[debug] [2024-06-19T19:28:28.776Z] >>> [apiv2][query] GET https://firestore.googleapis.com/v1/projects/pairwise-69/databases/(default) [none]
[debug] [2024-06-19T19:28:29.074Z] <<< [apiv2][status] GET https://firestore.googleapis.com/v1/projects/pairwise-69/databases/(default) 200
[debug] [2024-06-19T19:28:29.074Z] <<< [apiv2][body] GET https://firestore.googleapis.com/v1/projects/pairwise-69/databases/(default) {"name":"projects/pairwise-69/databases/(default)","uid":"60e71b8a-0e21-4c5c-8cea-aeaffeadf0dd","createTime":"2024-06-19T19:27:06.654426Z","updateTime":"2024-06-19T19:27:06.654426Z","locationId":"nam5","type":"FIRESTORE_NATIVE","concurrencyMode":"PESSIMISTIC","versionRetentionPeriod":"3600s","earliestVersionTime":"2024-06-19T19:27:06.654426Z","appEngineIntegrationMode":"DISABLED","keyPrefix":"s","pointInTimeRecoveryEnablement":"POINT_IN_TIME_RECOVERY_DISABLED","deleteProtectionState":"DELETE_PROTECTION_DISABLED","etag":"IKyB6J+z6IYDMK21zICz6IYD"}
[debug] [2024-06-19T19:28:29.074Z] database_type: FIRESTORE_NATIVE
[debug] [2024-06-19T19:28:29.075Z] > command requires scopes: ["email","openid","https://www.googleapis.com/auth/cloudplatformprojects.readonly","https://www.googleapis.com/auth/firebase","https://www.googleapis.com/auth/cloud-platform"]
[debug] [2024-06-19T19:28:29.075Z] > authorizing via signed-in user (ryanmasonjar@gmail.com)
[debug] [2024-06-19T19:28:29.075Z] [iam] checking project pairwise-69 for permissions ["firebase.projects.get"]
[debug] [2024-06-19T19:28:29.075Z] >>> [apiv2][query] POST https://cloudresourcemanager.googleapis.com/v1/projects/pairwise-69:testIamPermissions [none]
[debug] [2024-06-19T19:28:29.076Z] >>> [apiv2][(partial)header] POST https://cloudresourcemanager.googleapis.com/v1/projects/pairwise-69:testIamPermissions x-goog-quota-user=projects/pairwise-69
[debug] [2024-06-19T19:28:29.076Z] >>> [apiv2][body] POST https://cloudresourcemanager.googleapis.com/v1/projects/pairwise-69:testIamPermissions {"permissions":["firebase.projects.get"]}
[debug] [2024-06-19T19:28:29.181Z] <<< [apiv2][status] POST https://cloudresourcemanager.googleapis.com/v1/projects/pairwise-69:testIamPermissions 200
[debug] [2024-06-19T19:28:29.181Z] <<< [apiv2][body] POST https://cloudresourcemanager.googleapis.com/v1/projects/pairwise-69:testIamPermissions {"permissions":["firebase.projects.get"]}
[info] 
[info] Firestore Security Rules allow you to define how and when to allow
[info] requests. You can keep these rules in your project directory
[info] and publish them with firebase deploy.
[info] 
[debug] [2024-06-19T19:28:48.474Z] >>> [apiv2][query] GET https://firebaserules.googleapis.com/v1/projects/pairwise-69/releases pageSize=10&pageToken=
[debug] [2024-06-19T19:28:48.653Z] <<< [apiv2][status] GET https://firebaserules.googleapis.com/v1/projects/pairwise-69/releases 200
[debug] [2024-06-19T19:28:48.654Z] <<< [apiv2][body] GET https://firebaserules.googleapis.com/v1/projects/pairwise-69/releases {"releases":[{"name":"projects/pairwise-69/releases/cloud.firestore","rulesetName":"projects/pairwise-69/rulesets/b0246cfa-2d0a-4056-bd2f-1884015f8c7b","createTime":"2024-06-19T19:27:11.177761Z","updateTime":"2024-06-19T19:27:11.177761Z"}]}
[debug] [2024-06-19T19:28:48.654Z] Found ruleset: projects/pairwise-69/rulesets/b0246cfa-2d0a-4056-bd2f-1884015f8c7b
[debug] [2024-06-19T19:28:48.655Z] >>> [apiv2][query] GET https://firebaserules.googleapis.com/v1/projects/pairwise-69/rulesets/b0246cfa-2d0a-4056-bd2f-1884015f8c7b [none]
[debug] [2024-06-19T19:28:48.747Z] <<< [apiv2][status] GET https://firebaserules.googleapis.com/v1/projects/pairwise-69/rulesets/b0246cfa-2d0a-4056-bd2f-1884015f8c7b 200
[debug] [2024-06-19T19:28:48.748Z] <<< [apiv2][body] GET https://firebaserules.googleapis.com/v1/projects/pairwise-69/rulesets/b0246cfa-2d0a-4056-bd2f-1884015f8c7b [omitted]
[info] 
[info] Firestore indexes allow you to perform complex queries while
[info] maintaining performance that scales with the size of the result
[info] set. You can keep index definitions in your project directory
[info] and publish them with firebase deploy.
[info] 
[debug] [2024-06-19T19:28:54.982Z] >>> [apiv2][query] GET https://firestore.googleapis.com/v1/projects/pairwise-69/databases/(default)/collectionGroups/-/indexes [none]
[debug] [2024-06-19T19:28:54.985Z] >>> [apiv2][query] GET https://firestore.googleapis.com/v1/projects/pairwise-69/databases/(default)/collectionGroups/-/fields?filter=indexConfig.usesAncestorConfig=false OR ttlConfig:* [none]
[debug] [2024-06-19T19:28:55.266Z] <<< [apiv2][status] GET https://firestore.googleapis.com/v1/projects/pairwise-69/databases/(default)/collectionGroups/-/indexes 200
[debug] [2024-06-19T19:28:55.267Z] <<< [apiv2][body] GET https://firestore.googleapis.com/v1/projects/pairwise-69/databases/(default)/collectionGroups/-/indexes {}
[debug] [2024-06-19T19:28:55.713Z] <<< [apiv2][status] GET https://firestore.googleapis.com/v1/projects/pairwise-69/databases/(default)/collectionGroups/-/fields?filter=indexConfig.usesAncestorConfig=false OR ttlConfig:* 200
[debug] [2024-06-19T19:28:55.714Z] <<< [apiv2][body] GET https://firestore.googleapis.com/v1/projects/pairwise-69/databases/(default)/collectionGroups/-/fields?filter=indexConfig.usesAncestorConfig=false OR ttlConfig:* {"fields":[{"name":"projects/pairwise-69/databases/(default)/collectionGroups/__default__/fields/*","indexConfig":{"indexes":[{"queryScope":"COLLECTION","fields":[{"fieldPath":"*","order":"ASCENDING"}],"state":"READY"},{"queryScope":"COLLECTION","fields":[{"fieldPath":"*","order":"DESCENDING"}],"state":"READY"},{"queryScope":"COLLECTION","fields":[{"fieldPath":"*","arrayConfig":"CONTAINS"}],"state":"READY"}]}}]}
[info] 
=== Functions Setup
[debug] [2024-06-19T19:28:55.715Z] > command requires scopes: ["email","openid","https://www.googleapis.com/auth/cloudplatformprojects.readonly","https://www.googleapis.com/auth/firebase","https://www.googleapis.com/auth/cloud-platform"]
[debug] [2024-06-19T19:28:55.715Z] > authorizing via signed-in user (ryanmasonjar@gmail.com)
[debug] [2024-06-19T19:28:55.715Z] [iam] checking project pairwise-69 for permissions ["firebase.projects.get"]
[debug] [2024-06-19T19:28:55.715Z] >>> [apiv2][query] POST https://cloudresourcemanager.googleapis.com/v1/projects/pairwise-69:testIamPermissions [none]
[debug] [2024-06-19T19:28:55.715Z] >>> [apiv2][(partial)header] POST https://cloudresourcemanager.googleapis.com/v1/projects/pairwise-69:testIamPermissions x-goog-quota-user=projects/pairwise-69
[debug] [2024-06-19T19:28:55.715Z] >>> [apiv2][body] POST https://cloudresourcemanager.googleapis.com/v1/projects/pairwise-69:testIamPermissions {"permissions":["firebase.projects.get"]}
[debug] [2024-06-19T19:28:55.809Z] <<< [apiv2][status] POST https://cloudresourcemanager.googleapis.com/v1/projects/pairwise-69:testIamPermissions 200
[debug] [2024-06-19T19:28:55.809Z] <<< [apiv2][body] POST https://cloudresourcemanager.googleapis.com/v1/projects/pairwise-69:testIamPermissions {"permissions":["firebase.projects.get"]}
[debug] [2024-06-19T19:28:55.810Z] >>> [apiv2][query] GET https://serviceusage.googleapis.com/v1/projects/pairwise-69/services/cloudfunctions.googleapis.com [none]
[debug] [2024-06-19T19:28:55.810Z] >>> [apiv2][(partial)header] GET https://serviceusage.googleapis.com/v1/projects/pairwise-69/services/cloudfunctions.googleapis.com x-goog-quota-user=projects/pairwise-69
[debug] [2024-06-19T19:28:55.812Z] >>> [apiv2][query] GET https://serviceusage.googleapis.com/v1/projects/pairwise-69/services/runtimeconfig.googleapis.com [none]
[debug] [2024-06-19T19:28:55.812Z] >>> [apiv2][(partial)header] GET https://serviceusage.googleapis.com/v1/projects/pairwise-69/services/runtimeconfig.googleapis.com x-goog-quota-user=projects/pairwise-69
[debug] [2024-06-19T19:28:56.113Z] <<< [apiv2][status] GET https://serviceusage.googleapis.com/v1/projects/pairwise-69/services/runtimeconfig.googleapis.com 200
[debug] [2024-06-19T19:28:56.113Z] <<< [apiv2][body] GET https://serviceusage.googleapis.com/v1/projects/pairwise-69/services/runtimeconfig.googleapis.com [omitted]
[debug] [2024-06-19T19:28:56.119Z] <<< [apiv2][status] GET https://serviceusage.googleapis.com/v1/projects/pairwise-69/services/cloudfunctions.googleapis.com 200
[debug] [2024-06-19T19:28:56.119Z] <<< [apiv2][body] GET https://serviceusage.googleapis.com/v1/projects/pairwise-69/services/cloudfunctions.googleapis.com [omitted]
[debug] [2024-06-19T19:28:56.119Z] >>> [apiv2][query] POST https://serviceusage.googleapis.com/v1/projects/pairwise-69/services/cloudfunctions.googleapis.com:enable [none]
[debug] [2024-06-19T19:28:56.119Z] >>> [apiv2][(partial)header] POST https://serviceusage.googleapis.com/v1/projects/pairwise-69/services/cloudfunctions.googleapis.com:enable x-goog-quota-user=projects/pairwise-69
[debug] [2024-06-19T19:28:56.651Z] <<< [apiv2][status] POST https://serviceusage.googleapis.com/v1/projects/pairwise-69/services/cloudfunctions.googleapis.com:enable 200
[debug] [2024-06-19T19:28:56.651Z] <<< [apiv2][body] POST https://serviceusage.googleapis.com/v1/projects/pairwise-69/services/cloudfunctions.googleapis.com:enable [omitted]
[debug] [2024-06-19T19:29:06.654Z] >>> [apiv2][query] GET https://serviceusage.googleapis.com/v1/projects/pairwise-69/services/cloudfunctions.googleapis.com [none]
[debug] [2024-06-19T19:29:06.654Z] >>> [apiv2][(partial)header] GET https://serviceusage.googleapis.com/v1/projects/pairwise-69/services/cloudfunctions.googleapis.com x-goog-quota-user=projects/pairwise-69
[debug] [2024-06-19T19:29:06.921Z] <<< [apiv2][status] GET https://serviceusage.googleapis.com/v1/projects/pairwise-69/services/cloudfunctions.googleapis.com 200
[debug] [2024-06-19T19:29:06.922Z] <<< [apiv2][body] GET https://serviceusage.googleapis.com/v1/projects/pairwise-69/services/cloudfunctions.googleapis.com [omitted]
[info] Let's create a new codebase for your functions.
[info] A directory corresponding to the codebase will be created in your project
[info] with sample code pre-configured.

[info] See https://firebase.google.com/docs/functions/organize-functions for
[info] more information on organizing your functions using codebases.

[info] Functions can be deployed with firebase deploy.

[info] ✔  Wrote functions/package.json 
[info] ✔  Wrote functions/.eslintrc.js 
[info] ✔  Wrote functions/index.js 
[info] ✔  Wrote functions/.gitignore 
[info] 
=== Hosting Setup
[debug] [2024-06-19T19:29:42.740Z] >>> [apiv2][query] GET https://firebase.googleapis.com/v1beta1/projects/pairwise-69 [none]
[debug] [2024-06-19T19:29:43.050Z] <<< [apiv2][status] GET https://firebase.googleapis.com/v1beta1/projects/pairwise-69 200
[debug] [2024-06-19T19:29:43.050Z] <<< [apiv2][body] GET https://firebase.googleapis.com/v1beta1/projects/pairwise-69 {"projectId":"pairwise-69","projectNumber":"521929544794","displayName":"pairwise","name":"projects/pairwise-69","resources":{"hostingSite":"pairwise-69"},"state":"ACTIVE","etag":"1_0b502680-7f2e-4beb-9236-6b3275fe0e67"}
[info] 
[info] Your public directory is the folder (relative to your project directory) that
[info] will contain Hosting assets to be uploaded with firebase deploy. If you
[info] have a build process for your assets, use your build's output directory.
[info] 
[debug] [2024-06-19T19:29:56.342Z] >>> [apiv2][query] GET https://www.gstatic.com/firebasejs/releases.json [none]
[debug] [2024-06-19T19:29:56.423Z] <<< [apiv2][status] GET https://www.gstatic.com/firebasejs/releases.json 200
[debug] [2024-06-19T19:29:56.423Z] <<< [apiv2][body] GET https://www.gstatic.com/firebasejs/releases.json {"current":{"version":"10.12.2","browserURL":"https://www.gstatic.com/firebasejs/10.12.2/firebase.js","packageURL":"https://www.gstatic.com/firebasejs/10.12.2/firebase.tgz"},"live":{"version":"10.12","browserURL":"https://www.gstatic.com/firebasejs/live/10.12/firebase.js","packageURL":"https://www.gstatic.com/firebasejs/live/10.12/firebase.tgz"},"components":{"analytics":"https://www.gstatic.com/firebasejs/10.12.2/firebase-analytics.js","app":"https://www.gstatic.com/firebasejs/10.12.2/firebase-app.js","app-check":"https://www.gstatic.com/firebasejs/10.12.2/firebase-app-check.js","auth":"https://www.gstatic.com/firebasejs/10.12.2/firebase-auth.js","auth/cordova":"https://www.gstatic.com/firebasejs/10.12.2/firebase-auth/cordova.js","auth/web-extension":"https://www.gstatic.com/firebasejs/10.12.2/firebase-auth/web-extension.js","functions":"https://www.gstatic.com/firebasejs/10.12.2/firebase-functions.js","firestore":"https://www.gstatic.com/firebasejs/10.12.2/firebase-firestore.js","firestore/lite":"https://www.gstatic.com/firebasejs/10.12.2/firebase-firestore/lite.js","installations":"https://www.gstatic.com/firebasejs/10.12.2/firebase-installations.js","storage":"https://www.gstatic.com/firebasejs/10.12.2/firebase-storage.js","performance":"https://www.gstatic.com/firebasejs/10.12.2/firebase-performance.js","remote-config":"https://www.gstatic.com/firebasejs/10.12.2/firebase-remote-config.js","messaging":"https://www.gstatic.com/firebasejs/10.12.2/firebase-messaging.js","messaging/sw":"https://www.gstatic.com/firebasejs/10.12.2/firebase-messaging/sw.js","database":"https://www.gstatic.com/firebasejs/10.12.2/firebase-database.js","vertexai-preview":"https://www.gstatic.com/firebasejs/10.12.2/firebase-vertexai-preview.js","firestore.memory":"https://www.gstatic.com/firebasejs/10.12.2/firebase-firestore.memory.js"}}
[info] ✔  Wrote dist/index.html 
[info] 
[info] i  Didn't detect a .git folder. Assuming /Users/ryan/Documents/Documents/GitHub/pairwise is the project root. 
[info] i  Authorizing with GitHub to upload your service account to a GitHub repository's secrets store. 
[info] 
[info] Visit this URL on this device to log in:
[info] https://github.com/login/oauth/authorize?client_id=89cf50f02ac6aaed3484&state=502823997&redirect_uri=http%3A%2F%2Flocalhost%3A9005&scope=read%3Auser%20repo%20public_repo
[info] 
[info] Waiting for authentication...
[debug] [2024-06-19T19:30:54.833Z] >>> [apiv2][query] POST https://github.com/login/oauth/access_token [none]
[debug] [2024-06-19T19:30:54.833Z] >>> [apiv2][body] POST https://github.com/login/oauth/access_token [stream]
[debug] [2024-06-19T19:30:54.964Z] <<< [apiv2][status] POST https://github.com/login/oauth/access_token 200
[debug] [2024-06-19T19:30:54.964Z] <<< [apiv2][body] POST https://github.com/login/oauth/access_token {"access_token":"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","token_type":"bearer","scope":"read:user,repo"}
[debug] [2024-06-19T19:30:54.968Z] >>> [apiv2][query] GET https://api.github.com/user [none]
[debug] [2024-06-19T19:30:55.125Z] <<< [apiv2][status] GET https://api.github.com/user 200
[debug] [2024-06-19T19:30:55.125Z] <<< [apiv2][body] GET https://api.github.com/user {"login":"Rytiggy","id":17414914,"node_id":"MDQ6VXNlcjE3NDE0OTE0","avatar_url":"https://avatars.githubusercontent.com/u/17414914?v=4","gravatar_id":"","url":"https://api.github.com/users/Rytiggy","html_url":"https://github.com/Rytiggy","followers_url":"https://api.github.com/users/Rytiggy/followers","following_url":"https://api.github.com/users/Rytiggy/following{/other_user}","gists_url":"https://api.github.com/users/Rytiggy/gists{/gist_id}","starred_url":"https://api.github.com/users/Rytiggy/starred{/owner}{/repo}","subscriptions_url":"https://api.github.com/users/Rytiggy/subscriptions","organizations_url":"https://api.github.com/users/Rytiggy/orgs","repos_url":"https://api.github.com/users/Rytiggy/repos","events_url":"https://api.github.com/users/Rytiggy/events{/privacy}","received_events_url":"https://api.github.com/users/Rytiggy/received_events","type":"User","site_admin":false,"name":"Ryan Mason","company":null,"blog":"http://ryanmasonjar.com/","location":null,"email":null,"hireable":null,"bio":"Web & mobile developer code enthusiast.\r\n\r\nRochester Institute of Technology BS in Information technology.","twitter_username":null,"public_repos":58,"public_gists":3,"followers":31,"following":9,"created_at":"2016-02-22T19:22:48Z","updated_at":"2024-06-11T14:37:49Z","private_gists":3,"total_private_repos":10,"owned_private_repos":10,"disk_usage":325440,"collaborators":1,"two_factor_authentication":true,"plan":{"name":"free","space":976562499,"collaborators":0,"private_repos":10000}}
[info] 
[info] ✔  Success! Logged into GitHub as Rytiggy 
[info] 
